<?xml version="1.0" encoding="UTF-8"?>
<!-- Generated by org.testng.reporters.JUnitReportReporter -->
<testsuite hostname="Admin-PC" failures="0" tests="3" name="huong.test.Test.CategoryInfomationTest" time="37.138" errors="0" timestamp="2024-10-05T15:57:34 GMT+07:00" skipped="0">
  <testcase classname="huong.test.Test.CategoryInfomationTest" name="EditCategory_Success" time="13.117"/>
  <testcase classname="huong.test.Test.CategoryInfomationTest" name="AddNewCategory_Success" time="14.481"/>
  <testcase classname="huong.test.Test.CategoryInfomationTest" name="deleteCategory_success" time="9.540"/>
</testsuite> <!-- huong.test.Test.CategoryInfomationTest -->
