<?xml version="1.0" encoding="UTF-8"?>
<!-- Generated by org.testng.reporters.JUnitReportReporter -->
<testsuite hostname="Admin-PC" failures="0" tests="1" name="huong.test.Test.AddNewProductTest" time="12.182" errors="0" timestamp="2024-10-05T16:13:36 GMT+07:00" skipped="0">
  <testcase classname="huong.test.Test.AddNewProductTest" name="AddNewProduct_Success_WithColors" time="12.182"/>
</testsuite> <!-- huong.test.Test.AddNewProductTest -->
