<?xml version="1.0" encoding="UTF-8"?>
<!-- Generated by org.testng.reporters.JUnitReportReporter -->
<testsuite hostname="Admin-PC" failures="0" tests="7" name="huong.test.Test.LoginTest" time="26.336" errors="0" timestamp="2024-10-05T16:02:53 GMT+07:00" skipped="0">
  <testcase classname="huong.test.Test.LoginTest" name="LoginFailed_Empty" time="3.376"/>
  <testcase classname="huong.test.Test.LoginTest" name="LoginFailed_Empty" time="3.419"/>
  <testcase classname="huong.test.Test.LoginTest" name="LoginSuccess" time="3.460"/>
  <testcase classname="huong.test.Test.LoginTest" name="LoginFailed_inValidPassword" time="4.092"/>
  <testcase classname="huong.test.Test.LoginTest" name="LoginFailed_inValidPassword" time="3.777"/>
  <testcase classname="huong.test.Test.LoginTest" name="LoginFailed_Empty" time="3.945"/>
  <testcase classname="huong.test.Test.LoginTest" name="LoginFailed_inValidPassword" time="4.267"/>
</testsuite> <!-- huong.test.Test.LoginTest -->
